This is pdfTeX, Version 3.1415926-2.5-1.40.14 (TeX Live 2013/Debian) (format=latex 2015.3.29)  8 JUN 2015 19:35
entering extended mode
 restricted \write18 enabled.
 %&-line parsing enabled.
**_formulas.tex
(./_formulas.tex
LaTeX2e <2011/06/27>
Babel <3.9h> and hyphenation patterns for 78 languages loaded.
(/usr/share/texlive/texmf-dist/tex/latex/base/article.cls
Document Class: article 2007/10/19 v1.4h Standard LaTeX document class
(/usr/share/texlive/texmf-dist/tex/latex/base/size10.clo
File: size10.clo 2007/10/19 v1.4h Standard LaTeX file (size option)
)
\c@part=\count79
\c@section=\count80
\c@subsection=\count81
\c@subsubsection=\count82
\c@paragraph=\count83
\c@subparagraph=\count84
\c@figure=\count85
\c@table=\count86
\abovecaptionskip=\skip41
\belowcaptionskip=\skip42
\bibindent=\dimen102
)
(/usr/share/texlive/texmf-dist/tex/latex/graphics/epsfig.sty
Package: epsfig 1999/02/16 v1.7a (e)psfig emulation (SPQR)

(/usr/share/texlive/texmf-dist/tex/latex/graphics/graphicx.sty
Package: graphicx 1999/02/16 v1.0f Enhanced LaTeX Graphics (DPC,SPQR)

(/usr/share/texlive/texmf-dist/tex/latex/graphics/keyval.sty
Package: keyval 1999/03/16 v1.13 key=value parser (DPC)
\KV@toks@=\toks14
)
(/usr/share/texlive/texmf-dist/tex/latex/graphics/graphics.sty
Package: graphics 2009/02/05 v1.0o Standard LaTeX Graphics (DPC,SPQR)

(/usr/share/texlive/texmf-dist/tex/latex/graphics/trig.sty
Package: trig 1999/03/16 v1.09 sin cos tan (DPC)
)
(/usr/share/texlive/texmf-dist/tex/latex/latexconfig/graphics.cfg
File: graphics.cfg 2010/04/23 v1.9 graphics configuration of TeX Live
)
Package graphics Info: Driver file: dvips.def on input line 91.

(/usr/share/texlive/texmf-dist/tex/latex/graphics/dvips.def
File: dvips.def 1999/02/16 v3.0i Driver-dependant file (DPC,SPQR)
))
\Gin@req@height=\dimen103
\Gin@req@width=\dimen104
)
\epsfxsize=\dimen105
\epsfysize=\dimen106
)
No file _formulas.aux.
\openout1 = `_formulas.aux'.

LaTeX Font Info:    Checking defaults for OML/cmm/m/it on input line 4.
LaTeX Font Info:    ... okay on input line 4.
LaTeX Font Info:    Checking defaults for T1/cmr/m/n on input line 4.
LaTeX Font Info:    ... okay on input line 4.
LaTeX Font Info:    Checking defaults for OT1/cmr/m/n on input line 4.
LaTeX Font Info:    ... okay on input line 4.
LaTeX Font Info:    Checking defaults for OMS/cmsy/m/n on input line 4.
LaTeX Font Info:    ... okay on input line 4.
LaTeX Font Info:    Checking defaults for OMX/cmex/m/n on input line 4.
LaTeX Font Info:    ... okay on input line 4.
LaTeX Font Info:    Checking defaults for U/cmr/m/n on input line 4.
LaTeX Font Info:    ... okay on input line 4.
LaTeX Font Info:    External font `cmex10' loaded for size
(Font)              <7> on input line 5.
LaTeX Font Info:    External font `cmex10' loaded for size
(Font)              <5> on input line 5.
[1

] [2] [3] [4] [5] [6] [7] [8] [9] [10] [11] [12] [13] [14] [15] [16] [17]
[18] [19] [20] [21] [22] [23]
! Undefined control sequence.
l.74 $M=v\otimesv
                 $
? 
[24] [25] [26] [27] [28] [29]
Overfull \hbox (2.69974pt too wide) in paragraph at lines 92--94
[]$\OML/cmm/m/it/10 W\OT1/cmr/m/n/10 (\OML/cmm/m/it/10 F\OT1/cmr/m/n/10 ) = \OM
L/cmm/m/it/10 c[]\OT1/cmr/m/n/10 (\OML/cmm/m/it/10 ^^S[] \OMS/cmsy/m/n/10 ^^@ \
OT1/cmr/m/n/10 3) + [] [](\OML/cmm/m/it/10 k[]\OT1/cmr/m/n/10 (\OML/cmm/m/it/10
 ^^T^^S[] \OT1/cmr/m/n/10 + (1 \OMS/cmsy/m/n/10 ^^@ \OT1/cmr/m/n/10 3\OML/cmm/m
/it/10 ^^T\OT1/cmr/m/n/10 ) \OMS/cmsy/m/n/10 ^^C \OML/cmm/m/it/10 ^^S[]\OT1/cmr
/m/n/10 )[] \OMS/cmsy/m/n/10 ^^@ \OT1/cmr/m/n/10 1) + \OML/cmm/m/it/10 d[]\OT1/
cmr/m/n/10 ^^@[]([](\OML/cmm/m/it/10 F\OT1/cmr/m/n/10 )) +
 []

[30] [31] [32] [33] [34] [35] [36] [37] [38] [39] [40] [41] [42] [43] [44]
[45] [46]
! Undefined control sequence.
l.143 $ A\in \mathbb
                    {R}^{n,n} $
? 
[47] [48] [49] [50] [51] [52] [53] [54] [55]
! Undefined control sequence.
l.170 $ A\in \mathbb
                    {R}^{3,3} $
? 
[56]
! Undefined control sequence.
l.173 $ A\in\mathbb
                   {R}^{n,n} $
? 
[57] [58] [59] [60]
! Undefined control sequence.
l.185 $\sigma\in\mathbb
                       {R}^{n,n}$
? 
[61] [62]
! Undefined control sequence.
<recently read> \mathbb 
                        
l.191 $\mathbb
              {R}^{n,n}$
? 
[63] [64] [65]
! Undefined control sequence.
<recently read> \mathbb 
                        
l.200 $\mathbb
              {R}^{n,m}$
? 
[66]
! Undefined control sequence.
<recently read> \mathbb 
                        
l.203 $\mathbb
              {R}^n$
? 
[67] [68] [69]
! Undefined control sequence.
l.212 $A\in\mathbb
                  {R}^{n,n}$
? 
[70]
! Undefined control sequence.
l.215 $M\in\mathbb
                  {R}^{n,n}$
? 
[71] [72] [73] [74] [75] [76] [77] [78] [79] [80] [81] [82] [83] [84] [85]
[86] [87] [88] [89] [90] [91] [92] [93] [94] [95] [96] [97] [98] [99] [100]
[101]
! Missing delimiter (. inserted).
<to be read again> 
                   +
l.308 $ \frac{1}{2}\left(F^T+F\right +
                                       F^T F) $
? 
[102] [103] [104] [105] [106] [107] [108] [109] [110] [111] [112] [113]
[114] [115] [116] [117] [118] [119] [120] [121] (./_formulas.aux) ) 
Here is how much of TeX's memory you used:
 540 strings out of 493305
 6531 string characters out of 6139897
 57633 words of memory out of 5000000
 4066 multiletter control sequences out of 15000+600000
 3640 words of font info for 14 fonts, out of 8000000 for 9000
 957 hyphenation exceptions out of 8191
 32i,4n,21p,218b,100s stack positions out of 5000i,500n,10000p,200000b,80000s

Output written on _formulas.dvi (121 pages, 15756 bytes).
